<?xml version="1.0" encoding="UTF-8"?>
<testsuite name="RunITTest" time="0.011" tests="40" errors="2" skipped="14" failures="0">
  <properties>
    <property name="java.runtime.name" value="Java(TM) SE Runtime Environment"/>
    <property name="sun.boot.library.path" value="C:\Program Files\Java\jdk1.8.0_161\jre\bin"/>
    <property name="java.vm.version" value="25.161-b12"/>
    <property name="java.vm.vendor" value="Oracle Corporation"/>
    <property name="maven.multiModuleProjectDirectory" value="C:\Chanu\G\eclipse\${workspace_loc:\WareHouse}"/>
    <property name="java.vendor.url" value="http://java.oracle.com/"/>
    <property name="path.separator" value=";"/>
    <property name="guice.disable.misplaced.annotation.check" value="true"/>
    <property name="java.vm.name" value="Java HotSpot(TM) 64-Bit Server VM"/>
    <property name="file.encoding.pkg" value="sun.io"/>
    <property name="user.script" value=""/>
    <property name="user.country" value="IN"/>
    <property name="sun.java.launcher" value="SUN_STANDARD"/>
    <property name="sun.os.patch.level" value=""/>
    <property name="java.vm.specification.name" value="Java Virtual Machine Specification"/>
    <property name="user.dir" value="C:\Chanu\D\Tasks\WareHouse"/>
    <property name="java.runtime.version" value="1.8.0_161-b12"/>
    <property name="java.awt.graphicsenv" value="sun.awt.Win32GraphicsEnvironment"/>
    <property name="java.endorsed.dirs" value="C:\Program Files\Java\jdk1.8.0_161\jre\lib\endorsed"/>
    <property name="os.arch" value="amd64"/>
    <property name="java.io.tmpdir" value="C:\Users\vempc\AppData\Local\Temp\"/>
    <property name="line.separator" value="&#10;"/>
    <property name="java.vm.specification.vendor" value="Oracle Corporation"/>
    <property name="user.variant" value=""/>
    <property name="os.name" value="Windows 10"/>
    <property name="classworlds.conf" value="C:\Chanu\D\Tasks\.metadata\.plugins\org.eclipse.m2e.launching\launches\m2conf3608515403215209668.tmp"/>
    <property name="sun.jnu.encoding" value="Cp1252"/>
    <property name="java.library.path" value="C:\Program Files\Java\jdk1.8.0_161\bin;C:\WINDOWS\Sun\Java\bin;C:\WINDOWS\system32;C:\WINDOWS;C:/Program Files/Java/jre1.8.0_191/bin/server;C:/Program Files/Java/jre1.8.0_191/bin;C:/Program Files/Java/jre1.8.0_191/lib/amd64;C:\Program Files (x86)\Intel\iCLS Client\;C:\Program Files (x86)\Common Files\Oracle\Java\javapath;C:\ProgramData\Oracle\Java\javapath;C:\Program Files\Intel\iCLS Client\;C:\WINDOWS\system32;C:\WINDOWS;C:\WINDOWS\System32\Wbem;C:\WINDOWS\System32\WindowsPowerShell\v1.0\;C:\Program Files (x86)\Sennheiser\SoftphoneSDK\;C:\Program Files (x86)\WebEx\Productivity Tools;C:\Program Files\dotnet\;C:\Program Files\Microsoft SQL Server\130\Tools\Binn\;C:\Program Files\Git\cmd;C:\Program Files\TortoiseSVN\bin;C:\HashiCorp\Vagrant\bin;C:\GROOVY~1.14\bin;C:\Program Files\nodejs\;C:\Program Files (x86)\Intel\Intel(R) Management Engine Components\DAL;C:\Program Files\Intel\Intel(R) Management Engine Components\DAL;C:\Program Files (x86)\Intel\Intel(R) Management Engine Components\IPT;C:\Program Files\Intel\Intel(R) Management Engine Components\IPT;C:\WINDOWS\System32\OpenSSH\;C:\Users\vempc\AppData\Local\Android\Sdk\platform-tools;C:\Users\vempc\AppData\Local\Android\Sdk\tools;C:\Users\vempc\AppData\Local\Android\Sdk\tools\bin;C:\Program Files\Intel\WiFi\bin\;C:\Program Files\Common Files\Intel\WirelessCommon\;C:\RubyDevKit\bin;&quot;C:\Users\vempc\AppData\Local\Microsoft\WindowsApps;C:\Program Files\Java\jdk1.8.0_161\bin;&quot;;C:\Users\vempc\AppData\Local\Microsoft\WindowsApps;C:\Users\vempc\AppData\Roaming\npm;C:\apache-maven-3.5.3\bin;C:\Ruby\ruby-2.2.3\bin;C:\Python27;C:\Python27\Scripts;;C:\Chanu\G\eclipse;;."/>
    <property name="java.specification.name" value="Java Platform API Specification"/>
    <property name="java.class.version" value="52.0"/>
    <property name="sun.management.compiler" value="HotSpot 64-Bit Tiered Compilers"/>
    <property name="os.version" value="10.0"/>
    <property name="user.home" value="C:\Users\vempc"/>
    <property name="user.timezone" value="Asia/Calcutta"/>
    <property name="java.awt.printerjob" value="sun.awt.windows.WPrinterJob"/>
    <property name="java.specification.version" value="1.8"/>
    <property name="file.encoding" value="Cp1252"/>
    <property name="user.name" value="vempc"/>
    <property name="java.class.path" value="/C:/Chanu/G/eclipse/plugins/org.eclipse.m2e.maven.runtime_1.6.2.20150902-0001/jars/plexus-classworlds-2.5.2.jar"/>
    <property name="java.vm.specification.version" value="1.8"/>
    <property name="sun.arch.data.model" value="64"/>
    <property name="java.home" value="C:\Program Files\Java\jdk1.8.0_161\jre"/>
    <property name="sun.java.command" value="org.codehaus.plexus.classworlds.launcher.Launcher -B clean install"/>
    <property name="java.specification.vendor" value="Oracle Corporation"/>
    <property name="user.language" value="en"/>
    <property name="awt.toolkit" value="sun.awt.windows.WToolkit"/>
    <property name="java.vm.info" value="mixed mode"/>
    <property name="java.version" value="1.8.0_161"/>
    <property name="java.ext.dirs" value="C:\Program Files\Java\jdk1.8.0_161\jre\lib\ext;C:\WINDOWS\Sun\Java\lib\ext"/>
    <property name="sun.boot.class.path" value="C:\Program Files\Java\jdk1.8.0_161\jre\lib\resources.jar;C:\Program Files\Java\jdk1.8.0_161\jre\lib\rt.jar;C:\Program Files\Java\jdk1.8.0_161\jre\lib\sunrsasign.jar;C:\Program Files\Java\jdk1.8.0_161\jre\lib\jsse.jar;C:\Program Files\Java\jdk1.8.0_161\jre\lib\jce.jar;C:\Program Files\Java\jdk1.8.0_161\jre\lib\charsets.jar;C:\Program Files\Java\jdk1.8.0_161\jre\lib\jfr.jar;C:\Program Files\Java\jdk1.8.0_161\jre\classes"/>
    <property name="java.vendor" value="Oracle Corporation"/>
    <property name="maven.home" value="C:\Chanu\D\Tasks\WareHouse\EMBEDDED"/>
    <property name="file.separator" value="\"/>
    <property name="java.vendor.url.bug" value="http://bugreport.sun.com/bugreport/"/>
    <property name="sun.cpu.endian" value="little"/>
    <property name="sun.io.unicode.encoding" value="UnicodeLittle"/>
    <property name="sun.desktop" value="windows"/>
    <property name="sun.cpu.isalist" value="amd64"/>
  </properties>
  <testcase name="Given User opens warehouse home page" classname="| Apple | GBP_20 | GBP_100 | VODAFONE | GBP_50 | abc@gmail.com | Mr | Dev | Nadh | 9052557770 | Single | 500049 |" time="0.001"/>
  <testcase name="When user clicks on &quot;Shop&quot; menu" classname="| Apple | GBP_20 | GBP_100 | VODAFONE | GBP_50 | abc@gmail.com | Mr | Dev | Nadh | 9052557770 | Single | 500049 |" time="0"/>
  <testcase name="And opens a phones page &quot;All pay monthly phones&quot;" classname="| Apple | GBP_20 | GBP_100 | VODAFONE | GBP_50 | abc@gmail.com | Mr | Dev | Nadh | 9052557770 | Single | 500049 |" time="0"/>
  <testcase name="And selects a brand &quot;Apple&quot;" classname="| Apple | GBP_20 | GBP_100 | VODAFONE | GBP_50 | abc@gmail.com | Mr | Dev | Nadh | 9052557770 | Single | 500049 |" time="0"/>
  <testcase name="And selects upfront cost &quot;GBP_20&quot;" classname="| Apple | GBP_20 | GBP_100 | VODAFONE | GBP_50 | abc@gmail.com | Mr | Dev | Nadh | 9052557770 | Single | 500049 |" time="0.005">
    <error message="unknown error: Element &lt;label for=&quot;sp_q_max_11_20&quot;&gt;...&lt;/label&gt; is not clickable at point (474, 895). Other element would receive the click: &lt;div class=&quot;maskOnFinders&quot; style=&quot;width: 1903px; height: 6504px; display: block;&quot;&gt;&lt;/div&gt;&#10;  (Session info: chrome=71.0.3578.98)&#10;  (Driver info: chromedriver=2.45.615291 (ec3682e3c9061c10f26ea9e5cdcf3c53f3f74387),platform=Windows NT 10.0.17134 x86_64) (WARNING: The server did not provide any stacktrace information)&#10;Command duration or timeout: 0 milliseconds&#10;Build info: version: &apos;3.14.0&apos;, revision: &apos;aacccce0&apos;, time: &apos;2018-08-02T20:19:58.91Z&apos;&#10;System info: host: &apos;L37530WIN&apos;, ip: &apos;10.224.125.26&apos;, os.name: &apos;Windows 10&apos;, os.arch: &apos;amd64&apos;, os.version: &apos;10.0&apos;, java.version: &apos;1.8.0_161&apos;&#10;Driver info: org.openqa.selenium.chrome.ChromeDriver&#10;Capabilities {acceptInsecureCerts: false, acceptSslCerts: false, applicationCacheEnabled: false, browserConnectionEnabled: false, browserName: chrome, chrome: {chromedriverVersion: 2.45.615291 (ec3682e3c9061c..., userDataDir: C:\Users\vempc\AppData\Loca...}, cssSelectorsEnabled: true, databaseEnabled: false, goog:chromeOptions: {debuggerAddress: localhost:62160}, handlesAlerts: true, hasTouchScreen: false, javascriptEnabled: true, locationContextEnabled: true, mobileEmulationEnabled: false, nativeEvents: true, networkConnectionEnabled: false, pageLoadStrategy: normal, platform: XP, platformName: XP, proxy: Proxy(), rotatable: false, setWindowRect: true, strictFileInteractability: false, takesHeapSnapshot: true, takesScreenshot: true, timeouts: {implicit: 0, pageLoad: 300000, script: 30000}, unexpectedAlertBehaviour: ignore, unhandledPromptBehavior: ignore, version: 71.0.3578.98, webStorageEnabled: true}&#10;Session ID: 7aa331059a9915f9c693f6d3821fb5cb" type="org.openqa.selenium.WebDriverException"><![CDATA[org.openqa.selenium.WebDriverException: unknown error: Element <label for="sp_q_max_11_20">...</label> is not clickable at point (474, 895). Other element would receive the click: <div class="maskOnFinders" style="width: 1903px; height: 6504px; display: block;"></div>
  (Session info: chrome=71.0.3578.98)
  (Driver info: chromedriver=2.45.615291 (ec3682e3c9061c10f26ea9e5cdcf3c53f3f74387),platform=Windows NT 10.0.17134 x86_64) (WARNING: The server did not provide any stacktrace information)
Command duration or timeout: 0 milliseconds
Build info: version: '3.14.0', revision: 'aacccce0', time: '2018-08-02T20:19:58.91Z'
System info: host: 'L37530WIN', ip: '10.224.125.26', os.name: 'Windows 10', os.arch: 'amd64', os.version: '10.0', java.version: '1.8.0_161'
Driver info: org.openqa.selenium.chrome.ChromeDriver
Capabilities {acceptInsecureCerts: false, acceptSslCerts: false, applicationCacheEnabled: false, browserConnectionEnabled: false, browserName: chrome, chrome: {chromedriverVersion: 2.45.615291 (ec3682e3c9061c..., userDataDir: C:\Users\vempc\AppData\Loca...}, cssSelectorsEnabled: true, databaseEnabled: false, goog:chromeOptions: {debuggerAddress: localhost:62160}, handlesAlerts: true, hasTouchScreen: false, javascriptEnabled: true, locationContextEnabled: true, mobileEmulationEnabled: false, nativeEvents: true, networkConnectionEnabled: false, pageLoadStrategy: normal, platform: XP, platformName: XP, proxy: Proxy(), rotatable: false, setWindowRect: true, strictFileInteractability: false, takesHeapSnapshot: true, takesScreenshot: true, timeouts: {implicit: 0, pageLoad: 300000, script: 30000}, unexpectedAlertBehaviour: ignore, unhandledPromptBehavior: ignore, version: 71.0.3578.98, webStorageEnabled: true}
Session ID: 7aa331059a9915f9c693f6d3821fb5cb
	at sun.reflect.NativeConstructorAccessorImpl.newInstance0(Native Method)
	at sun.reflect.NativeConstructorAccessorImpl.newInstance(NativeConstructorAccessorImpl.java:62)
	at sun.reflect.DelegatingConstructorAccessorImpl.newInstance(DelegatingConstructorAccessorImpl.java:45)
	at java.lang.reflect.Constructor.newInstance(Constructor.java:423)
	at org.openqa.selenium.remote.ErrorHandler.createThrowable(ErrorHandler.java:214)
	at org.openqa.selenium.remote.ErrorHandler.throwIfResponseFailed(ErrorHandler.java:166)
	at org.openqa.selenium.remote.http.JsonHttpResponseCodec.reconstructValue(JsonHttpResponseCodec.java:40)
	at org.openqa.selenium.remote.http.AbstractHttpResponseCodec.decode(AbstractHttpResponseCodec.java:80)
	at org.openqa.selenium.remote.http.AbstractHttpResponseCodec.decode(AbstractHttpResponseCodec.java:44)
	at org.openqa.selenium.remote.HttpCommandExecutor.execute(HttpCommandExecutor.java:158)
	at org.openqa.selenium.remote.service.DriverCommandExecutor.execute(DriverCommandExecutor.java:83)
	at org.openqa.selenium.remote.RemoteWebDriver.execute(RemoteWebDriver.java:548)
	at org.openqa.selenium.remote.RemoteWebElement.execute(RemoteWebElement.java:276)
	at org.openqa.selenium.remote.RemoteWebElement.click(RemoteWebElement.java:83)
	at com.cpwh.elmt.CPWHElmt.click(CPWHElmt.java:48)
	at com.cpwh.elmt.CPWHElmt.click(CPWHElmt.java:43)
	at com.cpwh.pages.filters.CommonFilters.selectUpfrontCost(CommonFilters.java:30)
	at com.cpwh.test.ValidateBasket.selects_upfront_cost(ValidateBasket.java:72)
	at ✽.And selects upfront cost "GBP_20"(VerifyBasket.feature:10)
]]></error>
  </testcase>
  <testcase name="| Apple | GBP_20 | GBP_100 | VODAFONE | GBP_50 | abc@gmail.com | Mr | Dev | Nadh | 9052557770 | Single | 500049 |" classname="| Apple | GBP_20 | GBP_100 | VODAFONE | GBP_50 | abc@gmail.com | Mr | Dev | Nadh | 9052557770 | Single | 500049 |" time="0.005">
    <error message="unknown error: Element &lt;label for=&quot;sp_q_max_11_20&quot;&gt;...&lt;/label&gt; is not clickable at point (474, 895). Other element would receive the click: &lt;div class=&quot;maskOnFinders&quot; style=&quot;width: 1903px; height: 6504px; display: block;&quot;&gt;&lt;/div&gt;&#10;  (Session info: chrome=71.0.3578.98)&#10;  (Driver info: chromedriver=2.45.615291 (ec3682e3c9061c10f26ea9e5cdcf3c53f3f74387),platform=Windows NT 10.0.17134 x86_64) (WARNING: The server did not provide any stacktrace information)&#10;Command duration or timeout: 0 milliseconds&#10;Build info: version: &apos;3.14.0&apos;, revision: &apos;aacccce0&apos;, time: &apos;2018-08-02T20:19:58.91Z&apos;&#10;System info: host: &apos;L37530WIN&apos;, ip: &apos;10.224.125.26&apos;, os.name: &apos;Windows 10&apos;, os.arch: &apos;amd64&apos;, os.version: &apos;10.0&apos;, java.version: &apos;1.8.0_161&apos;&#10;Driver info: org.openqa.selenium.chrome.ChromeDriver&#10;Capabilities {acceptInsecureCerts: false, acceptSslCerts: false, applicationCacheEnabled: false, browserConnectionEnabled: false, browserName: chrome, chrome: {chromedriverVersion: 2.45.615291 (ec3682e3c9061c..., userDataDir: C:\Users\vempc\AppData\Loca...}, cssSelectorsEnabled: true, databaseEnabled: false, goog:chromeOptions: {debuggerAddress: localhost:62160}, handlesAlerts: true, hasTouchScreen: false, javascriptEnabled: true, locationContextEnabled: true, mobileEmulationEnabled: false, nativeEvents: true, networkConnectionEnabled: false, pageLoadStrategy: normal, platform: XP, platformName: XP, proxy: Proxy(), rotatable: false, setWindowRect: true, strictFileInteractability: false, takesHeapSnapshot: true, takesScreenshot: true, timeouts: {implicit: 0, pageLoad: 300000, script: 30000}, unexpectedAlertBehaviour: ignore, unhandledPromptBehavior: ignore, version: 71.0.3578.98, webStorageEnabled: true}&#10;Session ID: 7aa331059a9915f9c693f6d3821fb5cb" type="org.openqa.selenium.WebDriverException"><![CDATA[org.openqa.selenium.WebDriverException: unknown error: Element <label for="sp_q_max_11_20">...</label> is not clickable at point (474, 895). Other element would receive the click: <div class="maskOnFinders" style="width: 1903px; height: 6504px; display: block;"></div>
  (Session info: chrome=71.0.3578.98)
  (Driver info: chromedriver=2.45.615291 (ec3682e3c9061c10f26ea9e5cdcf3c53f3f74387),platform=Windows NT 10.0.17134 x86_64) (WARNING: The server did not provide any stacktrace information)
Command duration or timeout: 0 milliseconds
Build info: version: '3.14.0', revision: 'aacccce0', time: '2018-08-02T20:19:58.91Z'
System info: host: 'L37530WIN', ip: '10.224.125.26', os.name: 'Windows 10', os.arch: 'amd64', os.version: '10.0', java.version: '1.8.0_161'
Driver info: org.openqa.selenium.chrome.ChromeDriver
Capabilities {acceptInsecureCerts: false, acceptSslCerts: false, applicationCacheEnabled: false, browserConnectionEnabled: false, browserName: chrome, chrome: {chromedriverVersion: 2.45.615291 (ec3682e3c9061c..., userDataDir: C:\Users\vempc\AppData\Loca...}, cssSelectorsEnabled: true, databaseEnabled: false, goog:chromeOptions: {debuggerAddress: localhost:62160}, handlesAlerts: true, hasTouchScreen: false, javascriptEnabled: true, locationContextEnabled: true, mobileEmulationEnabled: false, nativeEvents: true, networkConnectionEnabled: false, pageLoadStrategy: normal, platform: XP, platformName: XP, proxy: Proxy(), rotatable: false, setWindowRect: true, strictFileInteractability: false, takesHeapSnapshot: true, takesScreenshot: true, timeouts: {implicit: 0, pageLoad: 300000, script: 30000}, unexpectedAlertBehaviour: ignore, unhandledPromptBehavior: ignore, version: 71.0.3578.98, webStorageEnabled: true}
Session ID: 7aa331059a9915f9c693f6d3821fb5cb
	at sun.reflect.NativeConstructorAccessorImpl.newInstance0(Native Method)
	at sun.reflect.NativeConstructorAccessorImpl.newInstance(NativeConstructorAccessorImpl.java:62)
	at sun.reflect.DelegatingConstructorAccessorImpl.newInstance(DelegatingConstructorAccessorImpl.java:45)
	at java.lang.reflect.Constructor.newInstance(Constructor.java:423)
	at org.openqa.selenium.remote.ErrorHandler.createThrowable(ErrorHandler.java:214)
	at org.openqa.selenium.remote.ErrorHandler.throwIfResponseFailed(ErrorHandler.java:166)
	at org.openqa.selenium.remote.http.JsonHttpResponseCodec.reconstructValue(JsonHttpResponseCodec.java:40)
	at org.openqa.selenium.remote.http.AbstractHttpResponseCodec.decode(AbstractHttpResponseCodec.java:80)
	at org.openqa.selenium.remote.http.AbstractHttpResponseCodec.decode(AbstractHttpResponseCodec.java:44)
	at org.openqa.selenium.remote.HttpCommandExecutor.execute(HttpCommandExecutor.java:158)
	at org.openqa.selenium.remote.service.DriverCommandExecutor.execute(DriverCommandExecutor.java:83)
	at org.openqa.selenium.remote.RemoteWebDriver.execute(RemoteWebDriver.java:548)
	at org.openqa.selenium.remote.RemoteWebElement.execute(RemoteWebElement.java:276)
	at org.openqa.selenium.remote.RemoteWebElement.click(RemoteWebElement.java:83)
	at com.cpwh.elmt.CPWHElmt.click(CPWHElmt.java:48)
	at com.cpwh.elmt.CPWHElmt.click(CPWHElmt.java:43)
	at com.cpwh.pages.filters.CommonFilters.selectUpfrontCost(CommonFilters.java:30)
	at com.cpwh.test.ValidateBasket.selects_upfront_cost(ValidateBasket.java:72)
	at ✽.And selects upfront cost "GBP_20"(VerifyBasket.feature:10)
]]></error>
  </testcase>
  <testcase name="And selects monthly cost &quot;GBP_100&quot;" classname="| Apple | GBP_20 | GBP_100 | VODAFONE | GBP_50 | abc@gmail.com | Mr | Dev | Nadh | 9052557770 | Single | 500049 |" time="0">
    <skipped/>
  </testcase>
  <testcase name="And selects first phone in the search results" classname="| Apple | GBP_20 | GBP_100 | VODAFONE | GBP_50 | abc@gmail.com | Mr | Dev | Nadh | 9052557770 | Single | 500049 |" time="0">
    <skipped/>
  </testcase>
  <testcase name="And clicks on View deals" classname="| Apple | GBP_20 | GBP_100 | VODAFONE | GBP_50 | abc@gmail.com | Mr | Dev | Nadh | 9052557770 | Single | 500049 |" time="0">
    <skipped/>
  </testcase>
  <testcase name="And selects Cheapest total cost from Filter Plans" classname="| Apple | GBP_20 | GBP_100 | VODAFONE | GBP_50 | abc@gmail.com | Mr | Dev | Nadh | 9052557770 | Single | 500049 |" time="0">
    <skipped/>
  </testcase>
  <testcase name="And selects Network as &quot;VODAFONE&quot;" classname="| Apple | GBP_20 | GBP_100 | VODAFONE | GBP_50 | abc@gmail.com | Mr | Dev | Nadh | 9052557770 | Single | 500049 |" time="0">
    <skipped/>
  </testcase>
  <testcase name="And adds first plan to basket" classname="| Apple | GBP_20 | GBP_100 | VODAFONE | GBP_50 | abc@gmail.com | Mr | Dev | Nadh | 9052557770 | Single | 500049 |" time="0">
    <skipped/>
  </testcase>
  <testcase name="And adds first accessory to basket from Choose your Extras" classname="| Apple | GBP_20 | GBP_100 | VODAFONE | GBP_50 | abc@gmail.com | Mr | Dev | Nadh | 9052557770 | Single | 500049 |" time="0">
    <skipped/>
  </testcase>
  <testcase name="And clicks on Continue to bakset" classname="| Apple | GBP_20 | GBP_100 | VODAFONE | GBP_50 | abc@gmail.com | Mr | Dev | Nadh | 9052557770 | Single | 500049 |" time="0">
    <skipped/>
  </testcase>
  <testcase name="And clicks on Go to checkout" classname="| Apple | GBP_20 | GBP_100 | VODAFONE | GBP_50 | abc@gmail.com | Mr | Dev | Nadh | 9052557770 | Single | 500049 |" time="0">
    <skipped/>
  </testcase>
  <testcase name="And selects &quot;GBP_50&quot; monthly cap" classname="| Apple | GBP_20 | GBP_100 | VODAFONE | GBP_50 | abc@gmail.com | Mr | Dev | Nadh | 9052557770 | Single | 500049 |" time="0">
    <skipped/>
  </testcase>
  <testcase name="And clicks on Continue to checkout" classname="| Apple | GBP_20 | GBP_100 | VODAFONE | GBP_50 | abc@gmail.com | Mr | Dev | Nadh | 9052557770 | Single | 500049 |" time="0">
    <skipped/>
  </testcase>
  <testcase name="And fills the details in About You section &quot;abc@gmail.com&quot; &quot;Mr&quot; &quot;Dev&quot; &quot;Nadh&quot; &quot;9052557770&quot; &quot;Single&quot;" classname="| Apple | GBP_20 | GBP_100 | VODAFONE | GBP_50 | abc@gmail.com | Mr | Dev | Nadh | 9052557770 | Single | 500049 |" time="0">
    <skipped/>
  </testcase>
  <testcase name="And sets pincode &quot;500049&quot;" classname="| Apple | GBP_20 | GBP_100 | VODAFONE | GBP_50 | abc@gmail.com | Mr | Dev | Nadh | 9052557770 | Single | 500049 |" time="0">
    <skipped/>
  </testcase>
  <testcase name="And clicks on Continue to delivery" classname="| Apple | GBP_20 | GBP_100 | VODAFONE | GBP_50 | abc@gmail.com | Mr | Dev | Nadh | 9052557770 | Single | 500049 |" time="0">
    <skipped/>
  </testcase>
  <testcase name="Given User opens warehouse home page" classname="| Samsung | GBP_20 | GBP_50 | VODAFONE | GBP_50 | abc@gmail.com | Mr | Dev | Nadh | 9100826115 | Single | 500049 |" time="0"/>
  <testcase name="When user clicks on &quot;Shop&quot; menu" classname="| Samsung | GBP_20 | GBP_50 | VODAFONE | GBP_50 | abc@gmail.com | Mr | Dev | Nadh | 9100826115 | Single | 500049 |" time="0"/>
  <testcase name="And opens a phones page &quot;All pay monthly phones&quot;" classname="| Samsung | GBP_20 | GBP_50 | VODAFONE | GBP_50 | abc@gmail.com | Mr | Dev | Nadh | 9100826115 | Single | 500049 |" time="0"/>
  <testcase name="And selects a brand &quot;Samsung&quot;" classname="| Samsung | GBP_20 | GBP_50 | VODAFONE | GBP_50 | abc@gmail.com | Mr | Dev | Nadh | 9100826115 | Single | 500049 |" time="0"/>
  <testcase name="And selects upfront cost &quot;GBP_20&quot;" classname="| Samsung | GBP_20 | GBP_50 | VODAFONE | GBP_50 | abc@gmail.com | Mr | Dev | Nadh | 9100826115 | Single | 500049 |" time="0"/>
  <testcase name="And selects monthly cost &quot;GBP_50&quot;" classname="| Samsung | GBP_20 | GBP_50 | VODAFONE | GBP_50 | abc@gmail.com | Mr | Dev | Nadh | 9100826115 | Single | 500049 |" time="0"/>
  <testcase name="And selects first phone in the search results" classname="| Samsung | GBP_20 | GBP_50 | VODAFONE | GBP_50 | abc@gmail.com | Mr | Dev | Nadh | 9100826115 | Single | 500049 |" time="0"/>
  <testcase name="And clicks on View deals" classname="| Samsung | GBP_20 | GBP_50 | VODAFONE | GBP_50 | abc@gmail.com | Mr | Dev | Nadh | 9100826115 | Single | 500049 |" time="0"/>
  <testcase name="And selects Cheapest total cost from Filter Plans" classname="| Samsung | GBP_20 | GBP_50 | VODAFONE | GBP_50 | abc@gmail.com | Mr | Dev | Nadh | 9100826115 | Single | 500049 |" time="0"/>
  <testcase name="And selects Network as &quot;VODAFONE&quot;" classname="| Samsung | GBP_20 | GBP_50 | VODAFONE | GBP_50 | abc@gmail.com | Mr | Dev | Nadh | 9100826115 | Single | 500049 |" time="0"/>
  <testcase name="And adds first plan to basket" classname="| Samsung | GBP_20 | GBP_50 | VODAFONE | GBP_50 | abc@gmail.com | Mr | Dev | Nadh | 9100826115 | Single | 500049 |" time="0"/>
  <testcase name="And adds first accessory to basket from Choose your Extras" classname="| Samsung | GBP_20 | GBP_50 | VODAFONE | GBP_50 | abc@gmail.com | Mr | Dev | Nadh | 9100826115 | Single | 500049 |" time="0"/>
  <testcase name="And clicks on Continue to bakset" classname="| Samsung | GBP_20 | GBP_50 | VODAFONE | GBP_50 | abc@gmail.com | Mr | Dev | Nadh | 9100826115 | Single | 500049 |" time="0"/>
  <testcase name="And clicks on Go to checkout" classname="| Samsung | GBP_20 | GBP_50 | VODAFONE | GBP_50 | abc@gmail.com | Mr | Dev | Nadh | 9100826115 | Single | 500049 |" time="0"/>
  <testcase name="And selects &quot;GBP_50&quot; monthly cap" classname="| Samsung | GBP_20 | GBP_50 | VODAFONE | GBP_50 | abc@gmail.com | Mr | Dev | Nadh | 9100826115 | Single | 500049 |" time="0"/>
  <testcase name="And clicks on Continue to checkout" classname="| Samsung | GBP_20 | GBP_50 | VODAFONE | GBP_50 | abc@gmail.com | Mr | Dev | Nadh | 9100826115 | Single | 500049 |" time="0"/>
  <testcase name="And fills the details in About You section &quot;abc@gmail.com&quot; &quot;Mr&quot; &quot;Dev&quot; &quot;Nadh&quot; &quot;9100826115&quot; &quot;Single&quot;" classname="| Samsung | GBP_20 | GBP_50 | VODAFONE | GBP_50 | abc@gmail.com | Mr | Dev | Nadh | 9100826115 | Single | 500049 |" time="0"/>
  <testcase name="And sets pincode &quot;500049&quot;" classname="| Samsung | GBP_20 | GBP_50 | VODAFONE | GBP_50 | abc@gmail.com | Mr | Dev | Nadh | 9100826115 | Single | 500049 |" time="0"/>
  <testcase name="And clicks on Continue to delivery" classname="| Samsung | GBP_20 | GBP_50 | VODAFONE | GBP_50 | abc@gmail.com | Mr | Dev | Nadh | 9100826115 | Single | 500049 |" time="0"/>
  <testcase name="| Samsung | GBP_20 | GBP_50 | VODAFONE | GBP_50 | abc@gmail.com | Mr | Dev | Nadh | 9100826115 | Single | 500049 |" classname="| Samsung | GBP_20 | GBP_50 | VODAFONE | GBP_50 | abc@gmail.com | Mr | Dev | Nadh | 9100826115 | Single | 500049 |" time="0"/>
</testsuite>